<?xml version="1.0" encoding="UTF-8"?>
<testsuite name="TelevisionTest" tests="3" skipped="0" failures="0" errors="0" timestamp="2015-12-02T01:05:58" hostname="Ians-MacBook-Pro.local" time="0.001">
  <properties/>
  <testcase name="canBeTurnedOn" classname="TelevisionTest" time="0.001"/>
  <testcase name="isOffByDefault" classname="TelevisionTest" time="0.0"/>
  <testcase name="changeSettings" classname="TelevisionTest" time="0.0"/>
  <system-out><![CDATA[]]></system-out>
  <system-err><![CDATA[]]></system-err>
</testsuite>
